<?xml version="1.0" encoding="UTF-8"?>
<!-- Generated by org.testng.reporters.JUnitXMLReporter -->
<testsuite ignored="0" hostname="TrongNhans-MacBook-Pro.local" failures="0" tests="3" name="Default test" time="0.016" errors="0" timestamp="2021-11-10T14:15:04 ICT">
  <testcase classname="Bookings.BookHotel" name="BookHotel_CheckOut" time="0.003"/>
  <testcase classname="Bookings.BookHotel" name="BookHotel_Checkin" time="0.0"/>
  <testcase classname="Bookings.BookHotel" name="BookHotel_DestinationCity" time="0.0"/>
</testsuite> <!-- Default test -->
