<?xml version="1.0" encoding="UTF-8"?>
<!-- Generated by org.testng.reporters.JUnitXMLReporter -->
<testsuite ignored="1" hostname="TrongNhans-MacBook-Pro.local" failures="0" tests="3" name="Default test" time="0.017" errors="0" timestamp="2021-11-03T15:29:35 ICT">
  <testcase classname="Bookings.BookFlight" name="BookFlight_RoundTrip_TestCase1" time="0.002"/>
  <testcase classname="Bookings.BookFlight" name="BookFlight_OneWay_TestCase3" time="0.0"/>
  <testcase classname="Bookings.BookFlight" name="BookFlight_OneWay_TestCase4" time="0.001"/>
  <testcase classname="Bookings.BookFlight" name="BookFlight_RoundTrip_TestCase2" time="0.0">
    <ignored/>
  </testcase> <!-- BookFlight_RoundTrip_TestCase2 -->
</testsuite> <!-- Default test -->
