<?xml version="1.0" encoding="UTF-8"?>
<testng-results ignored="0" total="8" passed="8" failed="0" skipped="0">
  <reporter-output>
  </reporter-output>
  <suite started-at="2021-11-10T15:50:47 ICT" name="Bookings_Functional" finished-at="2021-11-10T15:50:47 ICT" duration-ms="20">
    <groups>
    </groups>
    <test started-at="2021-11-10T15:50:47 ICT" name="Test" finished-at="2021-11-10T15:50:47 ICT" duration-ms="20">
      <class name="Bookings.pmtdp">
        <test-method signature="testcase1(java.lang.String,java.lang.String)[pri:0, instance:Bookings.pmtdp@5d740a0f]" started-at="2021-11-10T15:50:47 ICT" name="testcase1" data-provider="myData1" finished-at="2021-11-10T15:50:47 ICT" duration-ms="2" status="PASS">
          <params>
            <param index="0">
              <value>
                <![CDATA[user1]]>
              </value>
            </param>
            <param index="1">
              <value>
                <![CDATA[pwd1]]>
              </value>
            </param>
          </params>
          <reporter-output>
          </reporter-output>
        </test-method> <!-- testcase1 -->
        <test-method signature="testcase1(java.lang.String,java.lang.String)[pri:0, instance:Bookings.pmtdp@5d740a0f]" started-at="2021-11-10T15:50:47 ICT" name="testcase1" data-provider="myData1" finished-at="2021-11-10T15:50:47 ICT" duration-ms="1" status="PASS">
          <params>
            <param index="0">
              <value>
                <![CDATA[user2]]>
              </value>
            </param>
            <param index="1">
              <value>
                <![CDATA[pwd2]]>
              </value>
            </param>
          </params>
          <reporter-output>
          </reporter-output>
        </test-method> <!-- testcase1 -->
        <test-method signature="testcase1(java.lang.String,java.lang.String)[pri:0, instance:Bookings.pmtdp@5d740a0f]" started-at="2021-11-10T15:50:47 ICT" name="testcase1" data-provider="myData1" finished-at="2021-11-10T15:50:47 ICT" duration-ms="1" status="PASS">
          <params>
            <param index="0">
              <value>
                <![CDATA[user3]]>
              </value>
            </param>
            <param index="1">
              <value>
                <![CDATA[pwd3]]>
              </value>
            </param>
          </params>
          <reporter-output>
          </reporter-output>
        </test-method> <!-- testcase1 -->
        <test-method signature="testcase1(java.lang.String,java.lang.String)[pri:0, instance:Bookings.pmtdp@5d740a0f]" started-at="2021-11-10T15:50:47 ICT" name="testcase1" data-provider="myData1" finished-at="2021-11-10T15:50:47 ICT" duration-ms="0" status="PASS">
          <params>
            <param index="0">
              <value>
                <![CDATA[user4]]>
              </value>
            </param>
            <param index="1">
              <value>
                <![CDATA[pwd4]]>
              </value>
            </param>
          </params>
          <reporter-output>
          </reporter-output>
        </test-method> <!-- testcase1 -->
        <test-method signature="testcase2(java.lang.String,java.lang.String)[pri:0, instance:Bookings.pmtdp@5d740a0f]" started-at="2021-11-10T15:50:47 ICT" name="testcase2" data-provider="myData1" finished-at="2021-11-10T15:50:47 ICT" duration-ms="0" status="PASS">
          <params>
            <param index="0">
              <value>
                <![CDATA[user1]]>
              </value>
            </param>
            <param index="1">
              <value>
                <![CDATA[pwd1]]>
              </value>
            </param>
          </params>
          <reporter-output>
          </reporter-output>
        </test-method> <!-- testcase2 -->
        <test-method signature="testcase2(java.lang.String,java.lang.String)[pri:0, instance:Bookings.pmtdp@5d740a0f]" started-at="2021-11-10T15:50:47 ICT" name="testcase2" data-provider="myData1" finished-at="2021-11-10T15:50:47 ICT" duration-ms="0" status="PASS">
          <params>
            <param index="0">
              <value>
                <![CDATA[user2]]>
              </value>
            </param>
            <param index="1">
              <value>
                <![CDATA[pwd2]]>
              </value>
            </param>
          </params>
          <reporter-output>
          </reporter-output>
        </test-method> <!-- testcase2 -->
        <test-method signature="testcase2(java.lang.String,java.lang.String)[pri:0, instance:Bookings.pmtdp@5d740a0f]" started-at="2021-11-10T15:50:47 ICT" name="testcase2" data-provider="myData1" finished-at="2021-11-10T15:50:47 ICT" duration-ms="0" status="PASS">
          <params>
            <param index="0">
              <value>
                <![CDATA[user4]]>
              </value>
            </param>
            <param index="1">
              <value>
                <![CDATA[pwd4]]>
              </value>
            </param>
          </params>
          <reporter-output>
          </reporter-output>
        </test-method> <!-- testcase2 -->
        <test-method signature="testcase2(java.lang.String,java.lang.String)[pri:0, instance:Bookings.pmtdp@5d740a0f]" started-at="2021-11-10T15:50:47 ICT" name="testcase2" data-provider="myData1" finished-at="2021-11-10T15:50:47 ICT" duration-ms="0" status="PASS">
          <params>
            <param index="0">
              <value>
                <![CDATA[user3]]>
              </value>
            </param>
            <param index="1">
              <value>
                <![CDATA[pwd3]]>
              </value>
            </param>
          </params>
          <reporter-output>
          </reporter-output>
        </test-method> <!-- testcase2 -->
      </class> <!-- Bookings.pmtdp -->
    </test> <!-- Test -->
  </suite> <!-- Bookings_Functional -->
</testng-results>
